#
# A fatal error has been detected by the Java Runtime Environment:
#
#  EXCEPTION_ACCESS_VIOLATION (0xc0000005) at pc=0x0000000064b4c8b6, pid=30904, tid=19624
#
# JRE version: OpenJDK Runtime Environment (10.0.2+13) (build 10.0.2+13)
# Java VM: OpenJDK 64-Bit Server VM (10.0.2+13, mixed mode, tiered, compressed oops, g1 gc, windows-amd64)
# Problematic frame:
# V  [jvm.dll+0x5cc8b6]
#
# No core dump will be written. Minidumps are not enabled by default on client versions of Windows
#
# If you would like to submit a bug report, please visit:
#   http://bugreport.java.com/bugreport/crash.jsp
#

---------------  S U M M A R Y ------------

Command Line: -agentlib:jdwp=transport=dt_socket,suspend=y,address=localhost:51537 -ea -javaagent:C:\Users\Joshua\java-2020-12\eclipse\configuration\org.eclipse.osgi\220\0\.cp\lib\javaagent-shaded.jar -Dfile.encoding=Cp1252 org.eclipse.jdt.internal.junit.runner.RemoteTestRunner -version 3 -port 51536 -testLoaderClass org.eclipse.jdt.internal.junit5.runner.JUnit5TestLoader -loaderpluginname org.eclipse.jdt.junit5.runtime -test de.hska.iwi.ads.solution.search.BinarySearchTest:testBinarySearchMissingKeyInsideBorders -uniqueId [engine:junit-jupiter]/[class:de.hska.iwi.ads.solution.search.BinarySearchTest]/[method:testBinarySearchMissingKeyInsideBorders()]

Host: Intel(R) Core(TM) i7-7700K CPU @ 4.20GHz, 8 cores, 15G,  Windows 10 , 64 bit Build 19041 (10.0.19041.804)
Time: Wed Mar 17 11:27:30 2021 Mitteleuropäische Zeit elapsed time: 281 seconds (0d 0h 4m 41s)

---------------  T H R E A D  ---------------

Current thread (0x0000024a3d1ab800):  VMThread "VM Thread" [stack: 0x0000008c70200000,0x0000008c70300000] [id=19624]

Stack: [0x0000008c70200000,0x0000008c70300000],  sp=0x0000008c702fee50,  free space=1019k
Native frames: (J=compiled Java code, j=interpreted, Vv=VM code, C=native code)
V  [jvm.dll+0x5cc8b6]
V  [jvm.dll+0x30ae43]
V  [jvm.dll+0x30ce33]
V  [jvm.dll+0x30d42e]
V  [jvm.dll+0x30abd5]
V  [jvm.dll+0x309fc3]
V  [jvm.dll+0x544acf]
V  [jvm.dll+0x544eb6]
V  [jvm.dll+0x544c76]
V  [jvm.dll+0x514858]
V  [jvm.dll+0x42e74a]
V  [jvm.dll+0x672d9c]
V  [jvm.dll+0x67166c]
V  [jvm.dll+0x671e80]
V  [jvm.dll+0x6721bc]
V  [jvm.dll+0x551390]
C  [msvcr120.dll+0x24f7f]
C  [msvcr120.dll+0x25126]
C  [KERNEL32.DLL+0x17034]
C  [ntdll.dll+0x4d241]


siginfo: EXCEPTION_ACCESS_VIOLATION (0xc0000005), reading address 0x0000000000000006


Register to memory mapping:

RIP=0x0000000064b4c8b6 jvm.dll
RAX=0x0000000000000000 is an unknown value
RBX=0x0000000000000000 is an unknown value
RCX=0x0000008c702feeb0 is an unknown value
RDX=0x0000000000000000 is an unknown value
RSP=0x0000008c702fee50 is an unknown value
RBP=0x0000008c702ff3d0 is an unknown value
RSI=0x0000000000000000 is an unknown value
RDI=0x0000008c702ff550 is an unknown value
R8 =0x0000000000000000 is an unknown value
R9 =0x0000024a3f6c8200 is pointing into metadata
R10=0x0000024a3d23b8e0 is an unknown value
R11=0x0000008c702ff550 is an unknown value
R12=0x0000000064ca9401 jvm.dll
R13=0x0000000000000000 is an unknown value
R14=0x0000000000000010 is an unknown value
R15=0x0000000000000280 is an unknown value


Registers:
RAX=0x0000000000000000, RBX=0x0000000000000000, RCX=0x0000008c702feeb0, RDX=0x0000000000000000
RSP=0x0000008c702fee50, RBP=0x0000008c702ff3d0, RSI=0x0000000000000000, RDI=0x0000008c702ff550
R8 =0x0000000000000000, R9 =0x0000024a3f6c8200, R10=0x0000024a3d23b8e0, R11=0x0000008c702ff550
R12=0x0000000064ca9401, R13=0x0000000000000000, R14=0x0000000000000010, R15=0x0000000000000280
RIP=0x0000000064b4c8b6, EFLAGS=0x0000000000010206

Top of Stack: (sp=0x0000008c702fee50)
0x0000008c702fee50:   0000008c702feeb0 0000000064b4ce6c
0x0000008c702fee60:   0000024a39eac028 00000000000003d8
0x0000008c702fee70:   0000000000000000 000000006488ae43
0x0000008c702fee80:   0000000000000000 0000008c702ff550
0x0000008c702fee90:   0000008c702feef0 0000008c702ff490
0x0000008c702feea0:   0000024a3d36bafc 0000000000000000
0x0000008c702feeb0:   0000000064cf35d0 0000000000000000
0x0000008c702feec0:   0000000000000000 0000008c00000004
0x0000008c702feed0:   0000008c702feee0 0000000000000000
0x0000008c702feee0:   000000002fffffff 00000000000003ff
0x0000008c702feef0:   4fffffff4fffffff 0000024a4fffffff
0x0000008c702fef00:   0000000000000014 000000000000000e
0x0000008c702fef10:   0000008c702fef30 0000000000000002
0x0000008c702fef20:   0000000000000000 00000000000003d8
0x0000008c702fef30:   4fffffff4fffffff 0000024a4fffffff
0x0000008c702fef40:   0000000000000000 0000000064b4c698 

Instructions: (pc=0x0000000064b4c8b6)
0x0000000064b4c896:   5c 00 5d c8 5c 00 cc cc cc cc 40 53 48 83 ec 20
0x0000000064b4c8a6:   48 8b 41 08 c7 41 10 00 00 00 00 48 89 7c 24 38
0x0000000064b4c8b6:   80 78 06 28 48 8b d9 74 22 41 b9 28 00 00 00 4c
0x0000000064b4c8c6:   8d 05 04 a4 1e 00 48 8d 0d 0d a4 1e 00 41 8d 51 


VM_Operation (0x0000008c70cff470): GetOrSetLocal, mode: safepoint, requested by thread 0x0000024a3d715800


---------------  P R O C E S S  ---------------

Threads class SMR info:
_java_thread_list=0x0000024a3e462350, length=16, elements={
0x0000024a17e53000, 0x0000024a3d1b0000, 0x0000024a3d1b9000, 0x0000024a3d20c800,
0x0000024a3d20d000, 0x0000024a3d214000, 0x0000024a3d21a000, 0x0000024a3d222800,
0x0000024a3d243800, 0x0000024a3d296000, 0x0000024a3d715800, 0x0000024a3d71c000,
0x0000024a3d71e000, 0x0000024a3d73e800, 0x0000024a3d8e0800, 0x0000024a3db2b000
}

Java Threads: ( => current thread )
  0x0000024a17e53000 JavaThread "main" [_thread_blocked, id=828, stack(0x0000008c6ed00000,0x0000008c6ee00000)]
  0x0000024a3d1b0000 JavaThread "Reference Handler" daemon [_thread_blocked, id=26440, stack(0x0000008c70300000,0x0000008c70400000)]
  0x0000024a3d1b9000 JavaThread "Finalizer" daemon [_thread_blocked, id=28520, stack(0x0000008c70400000,0x0000008c70500000)]
  0x0000024a3d20c800 JavaThread "Signal Dispatcher" daemon [_thread_blocked, id=29664, stack(0x0000008c70500000,0x0000008c70600000)]
  0x0000024a3d20d000 JavaThread "Attach Listener" daemon [_thread_blocked, id=22836, stack(0x0000008c70600000,0x0000008c70700000)]
  0x0000024a3d214000 JavaThread "C2 CompilerThread0" daemon [_thread_blocked, id=2636, stack(0x0000008c70700000,0x0000008c70800000)]
  0x0000024a3d21a000 JavaThread "C2 CompilerThread1" daemon [_thread_blocked, id=31928, stack(0x0000008c70800000,0x0000008c70900000)]
  0x0000024a3d222800 JavaThread "C2 CompilerThread2" daemon [_thread_blocked, id=18852, stack(0x0000008c70900000,0x0000008c70a00000)]
  0x0000024a3d243800 JavaThread "C1 CompilerThread3" daemon [_thread_blocked, id=34328, stack(0x0000008c70a00000,0x0000008c70b00000)]
  0x0000024a3d296000 JavaThread "Sweeper thread" daemon [_thread_blocked, id=32956, stack(0x0000008c70b00000,0x0000008c70c00000)]
  0x0000024a3d715800 JavaThread "JDWP Transport Listener: dt_socket" daemon [_thread_blocked, id=17144, stack(0x0000008c70c00000,0x0000008c70d00000)] _threads_hazard_ptr=0x0000024a3e462350
  0x0000024a3d71c000 JavaThread "JDWP Event Helper Thread" daemon [_thread_blocked, id=30112, stack(0x0000008c70d00000,0x0000008c70e00000)]
  0x0000024a3d71e000 JavaThread "JDWP Command Reader" daemon [_thread_in_native, id=15036, stack(0x0000008c70e00000,0x0000008c70f00000)]
  0x0000024a3d73e800 JavaThread "Common-Cleaner" daemon [_thread_blocked, id=16480, stack(0x0000008c70f00000,0x0000008c71000000)]
  0x0000024a3d8e0800 JavaThread "Service Thread" daemon [_thread_blocked, id=25848, stack(0x0000008c71000000,0x0000008c71100000)]
  0x0000024a3db2b000 JavaThread "ReaderThread" [_thread_in_native, id=928, stack(0x0000008c71200000,0x0000008c71300000)]

Other Threads:
=>0x0000024a3d1ab800 VMThread "VM Thread" [stack: 0x0000008c70200000,0x0000008c70300000] [id=19624]
  0x0000024a3d8fe000 WatcherThread [stack: 0x0000008c71100000,0x0000008c71200000] [id=28932]
  0x0000024a17e6e800 GCTaskThread "GC Thread#0" [stack: 0x0000008c6ee00000,0x0000008c6ef00000] [id=20816]
  0x0000024a17e6f800 GCTaskThread "GC Thread#1" [stack: 0x0000008c6ef00000,0x0000008c6f000000] [id=15984]
  0x0000024a17e73000 GCTaskThread "GC Thread#2" [stack: 0x0000008c6f000000,0x0000008c6f100000] [id=30296]
  0x0000024a17e75000 GCTaskThread "GC Thread#3" [stack: 0x0000008c6f100000,0x0000008c6f200000] [id=33496]
  0x0000024a17e77000 GCTaskThread "GC Thread#4" [stack: 0x0000008c6f200000,0x0000008c6f300000] [id=27852]
  0x0000024a17e7f000 GCTaskThread "GC Thread#5" [stack: 0x0000008c6f300000,0x0000008c6f400000] [id=17040]
  0x0000024a17e80000 GCTaskThread "GC Thread#6" [stack: 0x0000008c6f400000,0x0000008c6f500000] [id=3156]
  0x0000024a17e81000 GCTaskThread "GC Thread#7" [stack: 0x0000008c6f500000,0x0000008c6f600000] [id=14020]
  0x0000024a17ecd000 ConcurrentGCThread "G1 Main Marker" [stack: 0x0000008c6f600000,0x0000008c6f700000] [id=23212]
  0x0000024a17ece000 ConcurrentGCThread "G1 Conc#0" [stack: 0x0000008c6f700000,0x0000008c6f800000] [id=29940]
  0x0000024a17ecf800 ConcurrentGCThread "G1 Conc#1" [stack: 0x0000008c6f800000,0x0000008c6f900000] [id=20928]
  0x0000024a39ea1800 ConcurrentGCThread "G1 Refine#0" [stack: 0x0000008c6f900000,0x0000008c6fa00000] [id=20788]
  0x0000024a39ea3000 ConcurrentGCThread "G1 Refine#1" [stack: 0x0000008c6fa00000,0x0000008c6fb00000] [id=23912]
  0x0000024a39ea3800 ConcurrentGCThread "G1 Refine#2" [stack: 0x0000008c6fb00000,0x0000008c6fc00000] [id=21456]
  0x0000024a39ea4800 ConcurrentGCThread "G1 Refine#3" [stack: 0x0000008c6fc00000,0x0000008c6fd00000] [id=10872]
  0x0000024a39eaa800 ConcurrentGCThread "G1 Refine#4" [stack: 0x0000008c6fd00000,0x0000008c6fe00000] [id=25732]
  0x0000024a39eab800 ConcurrentGCThread "G1 Refine#5" [stack: 0x0000008c6fe00000,0x0000008c6ff00000] [id=18448]
  0x0000024a39eae000 ConcurrentGCThread "G1 Refine#6" [stack: 0x0000008c6ff00000,0x0000008c70000000] [id=33040]
  0x0000024a39eae800 ConcurrentGCThread "G1 Refine#7" [stack: 0x0000008c70000000,0x0000008c70100000] [id=9384]
  0x0000024a39eaf800 ConcurrentGCThread "G1 Young RemSet Sampling" [stack: 0x0000008c70100000,0x0000008c70200000] [id=30232]

Threads with active compile tasks:

VM state:at safepoint (normal execution)

VM Mutex/Monitor currently owned by a thread:  ([mutex/lock_event])
[0x0000024a17e50730] Threads_lock - owner thread: 0x0000024a3d1ab800

Heap address: 0x00000006c1000000, size: 4080 MB, Compressed Oops mode: Zero based, Oop shift amount: 3
Narrow klass base: 0x0000000000000000, Narrow klass shift: 3
Compressed class space size: 1073741824 Address: 0x00000007c0000000

Heap:
 garbage-first heap   total 262144K, used 22338K [0x00000006c1000000, 0x00000007c0000000)
  region size 1024K, 23 young (23552K), 3 survivors (3072K)
 Metaspace       used 14171K, capacity 14647K, committed 14976K, reserved 1062912K
  class space    used 1377K, capacity 1577K, committed 1664K, reserved 1048576K
Heap Regions: E=young(eden), S=young(survivor), O=old, HS=humongous(starts), HC=humongous(continues), CS=collection set, F=free, A=archive, TS=gc time stamp, AC=allocation context, TAMS=top-at-mark-start (previous, next)
|   0|0x00000006c1000000, 0x00000006c1000000, 0x00000006c1100000|  0%| F|  |TS  0|AC  0|TAMS 0x00000006c1000000, 0x00000006c1000000|
|   1|0x00000006c1100000, 0x00000006c1100000, 0x00000006c1200000|  0%| F|  |TS  0|AC  0|TAMS 0x00000006c1100000, 0x00000006c1100000|
|   2|0x00000006c1200000, 0x00000006c1200000, 0x00000006c1300000|  0%| F|  |TS  0|AC  0|TAMS 0x00000006c1200000, 0x00000006c1200000|
|   3|0x00000006c1300000, 0x00000006c1300000, 0x00000006c1400000|  0%| F|  |TS  0|AC  0|TAMS 0x00000006c1300000, 0x00000006c1300000|
|   4|0x00000006c1400000, 0x00000006c1400000, 0x00000006c1500000|  0%| F|  |TS  0|AC  0|TAMS 0x00000006c1400000, 0x00000006c1400000|
|   5|0x00000006c1500000, 0x00000006c1500000, 0x00000006c1600000|  0%| F|  |TS  0|AC  0|TAMS 0x00000006c1500000, 0x00000006c1500000|
|   6|0x00000006c1600000, 0x00000006c1600000, 0x00000006c1700000|  0%| F|  |TS  0|AC  0|TAMS 0x00000006c1600000, 0x00000006c1600000|
|   7|0x00000006c1700000, 0x00000006c1700000, 0x00000006c1800000|  0%| F|  |TS  0|AC  0|TAMS 0x00000006c1700000, 0x00000006c1700000|
|   8|0x00000006c1800000, 0x00000006c1800000, 0x00000006c1900000|  0%| F|  |TS  0|AC  0|TAMS 0x00000006c1800000, 0x00000006c1800000|
|   9|0x00000006c1900000, 0x00000006c1900000, 0x00000006c1a00000|  0%| F|  |TS  0|AC  0|TAMS 0x00000006c1900000, 0x00000006c1900000|
|  10|0x00000006c1a00000, 0x00000006c1a00000, 0x00000006c1b00000|  0%| F|  |TS  0|AC  0|TAMS 0x00000006c1a00000, 0x00000006c1a00000|
|  11|0x00000006c1b00000, 0x00000006c1b00000, 0x00000006c1c00000|  0%| F|  |TS  0|AC  0|TAMS 0x00000006c1b00000, 0x00000006c1b00000|
|  12|0x00000006c1c00000, 0x00000006c1c00000, 0x00000006c1d00000|  0%| F|  |TS  0|AC  0|TAMS 0x00000006c1c00000, 0x00000006c1c00000|
|  13|0x00000006c1d00000, 0x00000006c1d00000, 0x00000006c1e00000|  0%| F|  |TS  0|AC  0|TAMS 0x00000006c1d00000, 0x00000006c1d00000|
|  14|0x00000006c1e00000, 0x00000006c1e00000, 0x00000006c1f00000|  0%| F|  |TS  0|AC  0|TAMS 0x00000006c1e00000, 0x00000006c1e00000|
|  15|0x00000006c1f00000, 0x00000006c1f00000, 0x00000006c2000000|  0%| F|  |TS  0|AC  0|TAMS 0x00000006c1f00000, 0x00000006c1f00000|
|  16|0x00000006c2000000, 0x00000006c2000000, 0x00000006c2100000|  0%| F|  |TS  0|AC  0|TAMS 0x00000006c2000000, 0x00000006c2000000|
|  17|0x00000006c2100000, 0x00000006c2100000, 0x00000006c2200000|  0%| F|  |TS  0|AC  0|TAMS 0x00000006c2100000, 0x00000006c2100000|
|  18|0x00000006c2200000, 0x00000006c2200000, 0x00000006c2300000|  0%| F|  |TS  0|AC  0|TAMS 0x00000006c2200000, 0x00000006c2200000|
|  19|0x00000006c2300000, 0x00000006c2300000, 0x00000006c2400000|  0%| F|  |TS  0|AC  0|TAMS 0x00000006c2300000, 0x00000006c2300000|
|  20|0x00000006c2400000, 0x00000006c2400000, 0x00000006c2500000|  0%| F|  |TS  0|AC  0|TAMS 0x00000006c2400000, 0x00000006c2400000|
|  21|0x00000006c2500000, 0x00000006c2500000, 0x00000006c2600000|  0%| F|  |TS  0|AC  0|TAMS 0x00000006c2500000, 0x00000006c2500000|
|  22|0x00000006c2600000, 0x00000006c2600000, 0x00000006c2700000|  0%| F|  |TS  0|AC  0|TAMS 0x00000006c2600000, 0x00000006c2600000|
|  23|0x00000006c2700000, 0x00000006c2700000, 0x00000006c2800000|  0%| F|  |TS  0|AC  0|TAMS 0x00000006c2700000, 0x00000006c2700000|
|  24|0x00000006c2800000, 0x00000006c2800000, 0x00000006c2900000|  0%| F|  |TS  0|AC  0|TAMS 0x00000006c2800000, 0x00000006c2800000|
|  25|0x00000006c2900000, 0x00000006c2900000, 0x00000006c2a00000|  0%| F|  |TS  0|AC  0|TAMS 0x00000006c2900000, 0x00000006c2900000|
|  26|0x00000006c2a00000, 0x00000006c2a00000, 0x00000006c2b00000|  0%| F|  |TS  0|AC  0|TAMS 0x00000006c2a00000, 0x00000006c2a00000|
|  27|0x00000006c2b00000, 0x00000006c2b00000, 0x00000006c2c00000|  0%| F|  |TS  0|AC  0|TAMS 0x00000006c2b00000, 0x00000006c2b00000|
|  28|0x00000006c2c00000, 0x00000006c2c00000, 0x00000006c2d00000|  0%| F|  |TS  0|AC  0|TAMS 0x00000006c2c00000, 0x00000006c2c00000|
|  29|0x00000006c2d00000, 0x00000006c2d00000, 0x00000006c2e00000|  0%| F|  |TS  0|AC  0|TAMS 0x00000006c2d00000, 0x00000006c2d00000|
|  30|0x00000006c2e00000, 0x00000006c2e00000, 0x00000006c2f00000|  0%| F|  |TS  0|AC  0|TAMS 0x00000006c2e00000, 0x00000006c2e00000|
|  31|0x00000006c2f00000, 0x00000006c2f00000, 0x00000006c3000000|  0%| F|  |TS  0|AC  0|TAMS 0x00000006c2f00000, 0x00000006c2f00000|
|  32|0x00000006c3000000, 0x00000006c3000000, 0x00000006c3100000|  0%| F|  |TS  0|AC  0|TAMS 0x00000006c3000000, 0x00000006c3000000|
|  33|0x00000006c3100000, 0x00000006c3100000, 0x00000006c3200000|  0%| F|  |TS  0|AC  0|TAMS 0x00000006c3100000, 0x00000006c3100000|
|  34|0x00000006c3200000, 0x00000006c3200000, 0x00000006c3300000|  0%| F|  |TS  0|AC  0|TAMS 0x00000006c3200000, 0x00000006c3200000|
|  35|0x00000006c3300000, 0x00000006c3300000, 0x00000006c3400000|  0%| F|  |TS  0|AC  0|TAMS 0x00000006c3300000, 0x00000006c3300000|
|  36|0x00000006c3400000, 0x00000006c3400000, 0x00000006c3500000|  0%| F|  |TS  0|AC  0|TAMS 0x00000006c3400000, 0x00000006c3400000|
|  37|0x00000006c3500000, 0x00000006c3500000, 0x00000006c3600000|  0%| F|  |TS  0|AC  0|TAMS 0x00000006c3500000, 0x00000006c3500000|
|  38|0x00000006c3600000, 0x00000006c3600000, 0x00000006c3700000|  0%| F|  |TS  0|AC  0|TAMS 0x00000006c3600000, 0x00000006c3600000|
|  39|0x00000006c3700000, 0x00000006c3700000, 0x00000006c3800000|  0%| F|  |TS  0|AC  0|TAMS 0x00000006c3700000, 0x00000006c3700000|
|  40|0x00000006c3800000, 0x00000006c3800000, 0x00000006c3900000|  0%| F|  |TS  0|AC  0|TAMS 0x00000006c3800000, 0x00000006c3800000|
|  41|0x00000006c3900000, 0x00000006c3900000, 0x00000006c3a00000|  0%| F|  |TS  0|AC  0|TAMS 0x00000006c3900000, 0x00000006c3900000|
|  42|0x00000006c3a00000, 0x00000006c3a00000, 0x00000006c3b00000|  0%| F|  |TS  0|AC  0|TAMS 0x00000006c3a00000, 0x00000006c3a00000|
|  43|0x00000006c3b00000, 0x00000006c3b00000, 0x00000006c3c00000|  0%| F|  |TS  0|AC  0|TAMS 0x00000006c3b00000, 0x00000006c3b00000|
|  44|0x00000006c3c00000, 0x00000006c3c00000, 0x00000006c3d00000|  0%| F|  |TS  0|AC  0|TAMS 0x00000006c3c00000, 0x00000006c3c00000|
|  45|0x00000006c3d00000, 0x00000006c3d00000, 0x00000006c3e00000|  0%| F|  |TS  0|AC  0|TAMS 0x00000006c3d00000, 0x00000006c3d00000|
|  46|0x00000006c3e00000, 0x00000006c3e00000, 0x00000006c3f00000|  0%| F|  |TS  0|AC  0|TAMS 0x00000006c3e00000, 0x00000006c3e00000|
|  47|0x00000006c3f00000, 0x00000006c3f00000, 0x00000006c4000000|  0%| F|  |TS  0|AC  0|TAMS 0x00000006c3f00000, 0x00000006c3f00000|
|  48|0x00000006c4000000, 0x00000006c4000000, 0x00000006c4100000|  0%| F|  |TS  0|AC  0|TAMS 0x00000006c4000000, 0x00000006c4000000|
|  49|0x00000006c4100000, 0x00000006c4100000, 0x00000006c4200000|  0%| F|  |TS  0|AC  0|TAMS 0x00000006c4100000, 0x00000006c4100000|
|  50|0x00000006c4200000, 0x00000006c4200000, 0x00000006c4300000|  0%| F|  |TS  0|AC  0|TAMS 0x00000006c4200000, 0x00000006c4200000|
|  51|0x00000006c4300000, 0x00000006c4300000, 0x00000006c4400000|  0%| F|  |TS  0|AC  0|TAMS 0x00000006c4300000, 0x00000006c4300000|
|  52|0x00000006c4400000, 0x00000006c4400000, 0x00000006c4500000|  0%| F|  |TS  0|AC  0|TAMS 0x00000006c4400000, 0x00000006c4400000|
|  53|0x00000006c4500000, 0x00000006c4500000, 0x00000006c4600000|  0%| F|  |TS  0|AC  0|TAMS 0x00000006c4500000, 0x00000006c4500000|
|  54|0x00000006c4600000, 0x00000006c4600000, 0x00000006c4700000|  0%| F|  |TS  0|AC  0|TAMS 0x00000006c4600000, 0x00000006c4600000|
|  55|0x00000006c4700000, 0x00000006c4700000, 0x00000006c4800000|  0%| F|  |TS  0|AC  0|TAMS 0x00000006c4700000, 0x00000006c4700000|
|  56|0x00000006c4800000, 0x00000006c4800000, 0x00000006c4900000|  0%| F|  |TS  0|AC  0|TAMS 0x00000006c4800000, 0x00000006c4800000|
|  57|0x00000006c4900000, 0x00000006c4900000, 0x00000006c4a00000|  0%| F|  |TS  0|AC  0|TAMS 0x00000006c4900000, 0x00000006c4900000|
|  58|0x00000006c4a00000, 0x00000006c4a00000, 0x00000006c4b00000|  0%| F|  |TS  0|AC  0|TAMS 0x00000006c4a00000, 0x00000006c4a00000|
|  59|0x00000006c4b00000, 0x00000006c4b00000, 0x00000006c4c00000|  0%| F|  |TS  0|AC  0|TAMS 0x00000006c4b00000, 0x00000006c4b00000|
|  60|0x00000006c4c00000, 0x00000006c4c00000, 0x00000006c4d00000|  0%| F|  |TS  0|AC  0|TAMS 0x00000006c4c00000, 0x00000006c4c00000|
|  61|0x00000006c4d00000, 0x00000006c4d00000, 0x00000006c4e00000|  0%| F|  |TS  0|AC  0|TAMS 0x00000006c4d00000, 0x00000006c4d00000|
|  62|0x00000006c4e00000, 0x00000006c4e00000, 0x00000006c4f00000|  0%| F|  |TS  0|AC  0|TAMS 0x00000006c4e00000, 0x00000006c4e00000|
|  63|0x00000006c4f00000, 0x00000006c4f00000, 0x00000006c5000000|  0%| F|  |TS  0|AC  0|TAMS 0x00000006c4f00000, 0x00000006c4f00000|
|  64|0x00000006c5000000, 0x00000006c5000000, 0x00000006c5100000|  0%| F|  |TS  0|AC  0|TAMS 0x00000006c5000000, 0x00000006c5000000|
|  65|0x00000006c5100000, 0x00000006c5100000, 0x00000006c5200000|  0%| F|  |TS  0|AC  0|TAMS 0x00000006c5100000, 0x00000006c5100000|
|  66|0x00000006c5200000, 0x00000006c5200000, 0x00000006c5300000|  0%| F|  |TS  0|AC  0|TAMS 0x00000006c5200000, 0x00000006c5200000|
|  67|0x00000006c5300000, 0x00000006c5300000, 0x00000006c5400000|  0%| F|  |TS  0|AC  0|TAMS 0x00000006c5300000, 0x00000006c5300000|
|  68|0x00000006c5400000, 0x00000006c5400000, 0x00000006c5500000|  0%| F|  |TS  0|AC  0|TAMS 0x00000006c5400000, 0x00000006c5400000|
|  69|0x00000006c5500000, 0x00000006c5500000, 0x00000006c5600000|  0%| F|  |TS  0|AC  0|TAMS 0x00000006c5500000, 0x00000006c5500000|
|  70|0x00000006c5600000, 0x00000006c5600000, 0x00000006c5700000|  0%| F|  |TS  0|AC  0|TAMS 0x00000006c5600000, 0x00000006c5600000|
|  71|0x00000006c5700000, 0x00000006c5700000, 0x00000006c5800000|  0%| F|  |TS  0|AC  0|TAMS 0x00000006c5700000, 0x00000006c5700000|
|  72|0x00000006c5800000, 0x00000006c5800000, 0x00000006c5900000|  0%| F|  |TS  0|AC  0|TAMS 0x00000006c5800000, 0x00000006c5800000|
|  73|0x00000006c5900000, 0x00000006c5900000, 0x00000006c5a00000|  0%| F|  |TS  0|AC  0|TAMS 0x00000006c5900000, 0x00000006c5900000|
|  74|0x00000006c5a00000, 0x00000006c5a00000, 0x00000006c5b00000|  0%| F|  |TS  0|AC  0|TAMS 0x00000006c5a00000, 0x00000006c5a00000|
|  75|0x00000006c5b00000, 0x00000006c5b00000, 0x00000006c5c00000|  0%| F|  |TS  0|AC  0|TAMS 0x00000006c5b00000, 0x00000006c5b00000|
|  76|0x00000006c5c00000, 0x00000006c5c00000, 0x00000006c5d00000|  0%| F|  |TS  0|AC  0|TAMS 0x00000006c5c00000, 0x00000006c5c00000|
|  77|0x00000006c5d00000, 0x00000006c5d00000, 0x00000006c5e00000|  0%| F|  |TS  0|AC  0|TAMS 0x00000006c5d00000, 0x00000006c5d00000|
|  78|0x00000006c5e00000, 0x00000006c5e00000, 0x00000006c5f00000|  0%| F|  |TS  0|AC  0|TAMS 0x00000006c5e00000, 0x00000006c5e00000|
|  79|0x00000006c5f00000, 0x00000006c5f00000, 0x00000006c6000000|  0%| F|  |TS  0|AC  0|TAMS 0x00000006c5f00000, 0x00000006c5f00000|
|  80|0x00000006c6000000, 0x00000006c6000000, 0x00000006c6100000|  0%| F|  |TS  0|AC  0|TAMS 0x00000006c6000000, 0x00000006c6000000|
|  81|0x00000006c6100000, 0x00000006c6100000, 0x00000006c6200000|  0%| F|  |TS  0|AC  0|TAMS 0x00000006c6100000, 0x00000006c6100000|
|  82|0x00000006c6200000, 0x00000006c6200000, 0x00000006c6300000|  0%| F|  |TS  0|AC  0|TAMS 0x00000006c6200000, 0x00000006c6200000|
|  83|0x00000006c6300000, 0x00000006c6300000, 0x00000006c6400000|  0%| F|  |TS  0|AC  0|TAMS 0x00000006c6300000, 0x00000006c6300000|
|  84|0x00000006c6400000, 0x00000006c6400000, 0x00000006c6500000|  0%| F|  |TS  0|AC  0|TAMS 0x00000006c6400000, 0x00000006c6400000|
|  85|0x00000006c6500000, 0x00000006c6500000, 0x00000006c6600000|  0%| F|  |TS  0|AC  0|TAMS 0x00000006c6500000, 0x00000006c6500000|
|  86|0x00000006c6600000, 0x00000006c6600000, 0x00000006c6700000|  0%| F|  |TS  0|AC  0|TAMS 0x00000006c6600000, 0x00000006c6600000|
|  87|0x00000006c6700000, 0x00000006c6700000, 0x00000006c6800000|  0%| F|  |TS  0|AC  0|TAMS 0x00000006c6700000, 0x00000006c6700000|
|  88|0x00000006c6800000, 0x00000006c6800000, 0x00000006c6900000|  0%| F|  |TS  0|AC  0|TAMS 0x00000006c6800000, 0x00000006c6800000|
|  89|0x00000006c6900000, 0x00000006c6900000, 0x00000006c6a00000|  0%| F|  |TS  0|AC  0|TAMS 0x00000006c6900000, 0x00000006c6900000|
|  90|0x00000006c6a00000, 0x00000006c6a00000, 0x00000006c6b00000|  0%| F|  |TS  0|AC  0|TAMS 0x00000006c6a00000, 0x00000006c6a00000|
|  91|0x00000006c6b00000, 0x00000006c6b00000, 0x00000006c6c00000|  0%| F|  |TS  0|AC  0|TAMS 0x00000006c6b00000, 0x00000006c6b00000|
|  92|0x00000006c6c00000, 0x00000006c6c00000, 0x00000006c6d00000|  0%| F|  |TS  0|AC  0|TAMS 0x00000006c6c00000, 0x00000006c6c00000|
|  93|0x00000006c6d00000, 0x00000006c6d00000, 0x00000006c6e00000|  0%| F|  |TS  0|AC  0|TAMS 0x00000006c6d00000, 0x00000006c6d00000|
|  94|0x00000006c6e00000, 0x00000006c6e00000, 0x00000006c6f00000|  0%| F|  |TS  0|AC  0|TAMS 0x00000006c6e00000, 0x00000006c6e00000|
|  95|0x00000006c6f00000, 0x00000006c6f00000, 0x00000006c7000000|  0%| F|  |TS  0|AC  0|TAMS 0x00000006c6f00000, 0x00000006c6f00000|
|  96|0x00000006c7000000, 0x00000006c7000000, 0x00000006c7100000|  0%| F|  |TS  0|AC  0|TAMS 0x00000006c7000000, 0x00000006c7000000|
|  97|0x00000006c7100000, 0x00000006c7100000, 0x00000006c7200000|  0%| F|  |TS  0|AC  0|TAMS 0x00000006c7100000, 0x00000006c7100000|
|  98|0x00000006c7200000, 0x00000006c7200000, 0x00000006c7300000|  0%| F|  |TS  0|AC  0|TAMS 0x00000006c7200000, 0x00000006c7200000|
|  99|0x00000006c7300000, 0x00000006c7300000, 0x00000006c7400000|  0%| F|  |TS  0|AC  0|TAMS 0x00000006c7300000, 0x00000006c7300000|
| 100|0x00000006c7400000, 0x00000006c7400000, 0x00000006c7500000|  0%| F|  |TS  0|AC  0|TAMS 0x00000006c7400000, 0x00000006c7400000|
| 101|0x00000006c7500000, 0x00000006c7500000, 0x00000006c7600000|  0%| F|  |TS  0|AC  0|TAMS 0x00000006c7500000, 0x00000006c7500000|
| 102|0x00000006c7600000, 0x00000006c7600000, 0x00000006c7700000|  0%| F|  |TS  0|AC  0|TAMS 0x00000006c7600000, 0x00000006c7600000|
| 103|0x00000006c7700000, 0x00000006c7700000, 0x00000006c7800000|  0%| F|  |TS  0|AC  0|TAMS 0x00000006c7700000, 0x00000006c7700000|
| 104|0x00000006c7800000, 0x00000006c7800000, 0x00000006c7900000|  0%| F|  |TS  0|AC  0|TAMS 0x00000006c7800000, 0x00000006c7800000|
| 105|0x00000006c7900000, 0x00000006c7900000, 0x00000006c7a00000|  0%| F|  |TS  0|AC  0|TAMS 0x00000006c7900000, 0x00000006c7900000|
| 106|0x00000006c7a00000, 0x00000006c7a00000, 0x00000006c7b00000|  0%| F|  |TS  0|AC  0|TAMS 0x00000006c7a00000, 0x00000006c7a00000|
| 107|0x00000006c7b00000, 0x00000006c7b00000, 0x00000006c7c00000|  0%| F|  |TS  0|AC  0|TAMS 0x00000006c7b00000, 0x00000006c7b00000|
| 108|0x00000006c7c00000, 0x00000006c7c00000, 0x00000006c7d00000|  0%| F|  |TS  0|AC  0|TAMS 0x00000006c7c00000, 0x00000006c7c00000|
| 109|0x00000006c7d00000, 0x00000006c7d00000, 0x00000006c7e00000|  0%| F|  |TS  0|AC  0|TAMS 0x00000006c7d00000, 0x00000006c7d00000|
| 110|0x00000006c7e00000, 0x00000006c7e00000, 0x00000006c7f00000|  0%| F|  |TS  0|AC  0|TAMS 0x00000006c7e00000, 0x00000006c7e00000|
| 111|0x00000006c7f00000, 0x00000006c7f00000, 0x00000006c8000000|  0%| F|  |TS  0|AC  0|TAMS 0x00000006c7f00000, 0x00000006c7f00000|
| 112|0x00000006c8000000, 0x00000006c8000000, 0x00000006c8100000|  0%| F|  |TS  0|AC  0|TAMS 0x00000006c8000000, 0x00000006c8000000|
| 113|0x00000006c8100000, 0x00000006c8100000, 0x00000006c8200000|  0%| F|  |TS  0|AC  0|TAMS 0x00000006c8100000, 0x00000006c8100000|
| 114|0x00000006c8200000, 0x00000006c8200000, 0x00000006c8300000|  0%| F|  |TS  0|AC  0|TAMS 0x00000006c8200000, 0x00000006c8200000|
| 115|0x00000006c8300000, 0x00000006c8300000, 0x00000006c8400000|  0%| F|  |TS  0|AC  0|TAMS 0x00000006c8300000, 0x00000006c8300000|
| 116|0x00000006c8400000, 0x00000006c8400000, 0x00000006c8500000|  0%| F|  |TS  0|AC  0|TAMS 0x00000006c8400000, 0x00000006c8400000|
| 117|0x00000006c8500000, 0x00000006c8500000, 0x00000006c8600000|  0%| F|  |TS  0|AC  0|TAMS 0x00000006c8500000, 0x00000006c8500000|
| 118|0x00000006c8600000, 0x00000006c8600000, 0x00000006c8700000|  0%| F|  |TS  0|AC  0|TAMS 0x00000006c8600000, 0x00000006c8600000|
| 119|0x00000006c8700000, 0x00000006c8700000, 0x00000006c8800000|  0%| F|  |TS  0|AC  0|TAMS 0x00000006c8700000, 0x00000006c8700000|
| 120|0x00000006c8800000, 0x00000006c8800000, 0x00000006c8900000|  0%| F|  |TS  0|AC  0|TAMS 0x00000006c8800000, 0x00000006c8800000|
| 121|0x00000006c8900000, 0x00000006c8900000, 0x00000006c8a00000|  0%| F|  |TS  0|AC  0|TAMS 0x00000006c8900000, 0x00000006c8900000|
| 122|0x00000006c8a00000, 0x00000006c8a00000, 0x00000006c8b00000|  0%| F|  |TS  0|AC  0|TAMS 0x00000006c8a00000, 0x00000006c8a00000|
| 123|0x00000006c8b00000, 0x00000006c8b00000, 0x00000006c8c00000|  0%| F|  |TS  0|AC  0|TAMS 0x00000006c8b00000, 0x00000006c8b00000|
| 124|0x00000006c8c00000, 0x00000006c8c00000, 0x00000006c8d00000|  0%| F|  |TS  0|AC  0|TAMS 0x00000006c8c00000, 0x00000006c8c00000|
| 125|0x00000006c8d00000, 0x00000006c8d00000, 0x00000006c8e00000|  0%| F|  |TS  0|AC  0|TAMS 0x00000006c8d00000, 0x00000006c8d00000|
| 126|0x00000006c8e00000, 0x00000006c8e00000, 0x00000006c8f00000|  0%| F|  |TS  0|AC  0|TAMS 0x00000006c8e00000, 0x00000006c8e00000|
| 127|0x00000006c8f00000, 0x00000006c8f00000, 0x00000006c9000000|  0%| F|  |TS  0|AC  0|TAMS 0x00000006c8f00000, 0x00000006c8f00000|
| 128|0x00000006c9000000, 0x00000006c9000000, 0x00000006c9100000|  0%| F|  |TS  0|AC  0|TAMS 0x00000006c9000000, 0x00000006c9000000|
| 129|0x00000006c9100000, 0x00000006c9100000, 0x00000006c9200000|  0%| F|  |TS  0|AC  0|TAMS 0x00000006c9100000, 0x00000006c9100000|
| 130|0x00000006c9200000, 0x00000006c9200000, 0x00000006c9300000|  0%| F|  |TS  0|AC  0|TAMS 0x00000006c9200000, 0x00000006c9200000|
| 131|0x00000006c9300000, 0x00000006c9300000, 0x00000006c9400000|  0%| F|  |TS  0|AC  0|TAMS 0x00000006c9300000, 0x00000006c9300000|
| 132|0x00000006c9400000, 0x00000006c9400000, 0x00000006c9500000|  0%| F|  |TS  0|AC  0|TAMS 0x00000006c9400000, 0x00000006c9400000|
| 133|0x00000006c9500000, 0x00000006c9500000, 0x00000006c9600000|  0%| F|  |TS  0|AC  0|TAMS 0x00000006c9500000, 0x00000006c9500000|
| 134|0x00000006c9600000, 0x00000006c9600000, 0x00000006c9700000|  0%| F|  |TS  0|AC  0|TAMS 0x00000006c9600000, 0x00000006c9600000|
| 135|0x00000006c9700000, 0x00000006c9700000, 0x00000006c9800000|  0%| F|  |TS  0|AC  0|TAMS 0x00000006c9700000, 0x00000006c9700000|
| 136|0x00000006c9800000, 0x00000006c9800000, 0x00000006c9900000|  0%| F|  |TS  0|AC  0|TAMS 0x00000006c9800000, 0x00000006c9800000|
| 137|0x00000006c9900000, 0x00000006c9900000, 0x00000006c9a00000|  0%| F|  |TS  0|AC  0|TAMS 0x00000006c9900000, 0x00000006c9900000|
| 138|0x00000006c9a00000, 0x00000006c9a00000, 0x00000006c9b00000|  0%| F|  |TS  0|AC  0|TAMS 0x00000006c9a00000, 0x00000006c9a00000|
| 139|0x00000006c9b00000, 0x00000006c9b00000, 0x00000006c9c00000|  0%| F|  |TS  0|AC  0|TAMS 0x00000006c9b00000, 0x00000006c9b00000|
| 140|0x00000006c9c00000, 0x00000006c9c00000, 0x00000006c9d00000|  0%| F|  |TS  0|AC  0|TAMS 0x00000006c9c00000, 0x00000006c9c00000|
| 141|0x00000006c9d00000, 0x00000006c9d00000, 0x00000006c9e00000|  0%| F|  |TS  0|AC  0|TAMS 0x00000006c9d00000, 0x00000006c9d00000|
| 142|0x00000006c9e00000, 0x00000006c9e00000, 0x00000006c9f00000|  0%| F|  |TS  0|AC  0|TAMS 0x00000006c9e00000, 0x00000006c9e00000|
| 143|0x00000006c9f00000, 0x00000006c9f00000, 0x00000006ca000000|  0%| F|  |TS  0|AC  0|TAMS 0x00000006c9f00000, 0x00000006c9f00000|
| 144|0x00000006ca000000, 0x00000006ca000000, 0x00000006ca100000|  0%| F|  |TS  0|AC  0|TAMS 0x00000006ca000000, 0x00000006ca000000|
| 145|0x00000006ca100000, 0x00000006ca100000, 0x00000006ca200000|  0%| F|  |TS  0|AC  0|TAMS 0x00000006ca100000, 0x00000006ca100000|
| 146|0x00000006ca200000, 0x00000006ca200000, 0x00000006ca300000|  0%| F|  |TS  0|AC  0|TAMS 0x00000006ca200000, 0x00000006ca200000|
| 147|0x00000006ca300000, 0x00000006ca300000, 0x00000006ca400000|  0%| F|  |TS  0|AC  0|TAMS 0x00000006ca300000, 0x00000006ca300000|
| 148|0x00000006ca400000, 0x00000006ca400000, 0x00000006ca500000|  0%| F|  |TS  0|AC  0|TAMS 0x00000006ca400000, 0x00000006ca400000|
| 149|0x00000006ca500000, 0x00000006ca500000, 0x00000006ca600000|  0%| F|  |TS  0|AC  0|TAMS 0x00000006ca500000, 0x00000006ca500000|
| 150|0x00000006ca600000, 0x00000006ca600000, 0x00000006ca700000|  0%| F|  |TS  0|AC  0|TAMS 0x00000006ca600000, 0x00000006ca600000|
| 151|0x00000006ca700000, 0x00000006ca700000, 0x00000006ca800000|  0%| F|  |TS  0|AC  0|TAMS 0x00000006ca700000, 0x00000006ca700000|
| 152|0x00000006ca800000, 0x00000006ca800000, 0x00000006ca900000|  0%| F|  |TS  0|AC  0|TAMS 0x00000006ca800000, 0x00000006ca800000|
| 153|0x00000006ca900000, 0x00000006ca900000, 0x00000006caa00000|  0%| F|  |TS  0|AC  0|TAMS 0x00000006ca900000, 0x00000006ca900000|
| 154|0x00000006caa00000, 0x00000006caa00000, 0x00000006cab00000|  0%| F|  |TS  0|AC  0|TAMS 0x00000006caa00000, 0x00000006caa00000|
| 155|0x00000006cab00000, 0x00000006cab00000, 0x00000006cac00000|  0%| F|  |TS  0|AC  0|TAMS 0x00000006cab00000, 0x00000006cab00000|
| 156|0x00000006cac00000, 0x00000006cac00000, 0x00000006cad00000|  0%| F|  |TS  0|AC  0|TAMS 0x00000006cac00000, 0x00000006cac00000|
| 157|0x00000006cad00000, 0x00000006cad00000, 0x00000006cae00000|  0%| F|  |TS  0|AC  0|TAMS 0x00000006cad00000, 0x00000006cad00000|
| 158|0x00000006cae00000, 0x00000006cae00000, 0x00000006caf00000|  0%| F|  |TS  0|AC  0|TAMS 0x00000006cae00000, 0x00000006cae00000|
| 159|0x00000006caf00000, 0x00000006caf00000, 0x00000006cb000000|  0%| F|  |TS  0|AC  0|TAMS 0x00000006caf00000, 0x00000006caf00000|
| 160|0x00000006cb000000, 0x00000006cb000000, 0x00000006cb100000|  0%| F|  |TS  0|AC  0|TAMS 0x00000006cb000000, 0x00000006cb000000|
| 161|0x00000006cb100000, 0x00000006cb100000, 0x00000006cb200000|  0%| F|  |TS  0|AC  0|TAMS 0x00000006cb100000, 0x00000006cb100000|
| 162|0x00000006cb200000, 0x00000006cb200000, 0x00000006cb300000|  0%| F|  |TS  0|AC  0|TAMS 0x00000006cb200000, 0x00000006cb200000|
| 163|0x00000006cb300000, 0x00000006cb300000, 0x00000006cb400000|  0%| F|  |TS  0|AC  0|TAMS 0x00000006cb300000, 0x00000006cb300000|
| 164|0x00000006cb400000, 0x00000006cb400000, 0x00000006cb500000|  0%| F|  |TS  0|AC  0|TAMS 0x00000006cb400000, 0x00000006cb400000|
| 165|0x00000006cb500000, 0x00000006cb500000, 0x00000006cb600000|  0%| F|  |TS  0|AC  0|TAMS 0x00000006cb500000, 0x00000006cb500000|
| 166|0x00000006cb600000, 0x00000006cb600000, 0x00000006cb700000|  0%| F|  |TS  0|AC  0|TAMS 0x00000006cb600000, 0x00000006cb600000|
| 167|0x00000006cb700000, 0x00000006cb700000, 0x00000006cb800000|  0%| F|  |TS  0|AC  0|TAMS 0x00000006cb700000, 0x00000006cb700000|
| 168|0x00000006cb800000, 0x00000006cb800000, 0x00000006cb900000|  0%| F|  |TS  0|AC  0|TAMS 0x00000006cb800000, 0x00000006cb800000|
| 169|0x00000006cb900000, 0x00000006cb900000, 0x00000006cba00000|  0%| F|  |TS  0|AC  0|TAMS 0x00000006cb900000, 0x00000006cb900000|
| 170|0x00000006cba00000, 0x00000006cba00000, 0x00000006cbb00000|  0%| F|  |TS  0|AC  0|TAMS 0x00000006cba00000, 0x00000006cba00000|
| 171|0x00000006cbb00000, 0x00000006cbb00000, 0x00000006cbc00000|  0%| F|  |TS  0|AC  0|TAMS 0x00000006cbb00000, 0x00000006cbb00000|
| 172|0x00000006cbc00000, 0x00000006cbc00000, 0x00000006cbd00000|  0%| F|  |TS  0|AC  0|TAMS 0x00000006cbc00000, 0x00000006cbc00000|
| 173|0x00000006cbd00000, 0x00000006cbd00000, 0x00000006cbe00000|  0%| F|  |TS  0|AC  0|TAMS 0x00000006cbd00000, 0x00000006cbd00000|
| 174|0x00000006cbe00000, 0x00000006cbe00000, 0x00000006cbf00000|  0%| F|  |TS  0|AC  0|TAMS 0x00000006cbe00000, 0x00000006cbe00000|
| 175|0x00000006cbf00000, 0x00000006cbf00000, 0x00000006cc000000|  0%| F|  |TS  0|AC  0|TAMS 0x00000006cbf00000, 0x00000006cbf00000|
| 176|0x00000006cc000000, 0x00000006cc000000, 0x00000006cc100000|  0%| F|  |TS  0|AC  0|TAMS 0x00000006cc000000, 0x00000006cc000000|
| 177|0x00000006cc100000, 0x00000006cc100000, 0x00000006cc200000|  0%| F|  |TS  0|AC  0|TAMS 0x00000006cc100000, 0x00000006cc100000|
| 178|0x00000006cc200000, 0x00000006cc200000, 0x00000006cc300000|  0%| F|  |TS  0|AC  0|TAMS 0x00000006cc200000, 0x00000006cc200000|
| 179|0x00000006cc300000, 0x00000006cc300000, 0x00000006cc400000|  0%| F|  |TS  0|AC  0|TAMS 0x00000006cc300000, 0x00000006cc300000|
| 180|0x00000006cc400000, 0x00000006cc400000, 0x00000006cc500000|  0%| F|  |TS  0|AC  0|TAMS 0x00000006cc400000, 0x00000006cc400000|
| 181|0x00000006cc500000, 0x00000006cc500000, 0x00000006cc600000|  0%| F|  |TS  0|AC  0|TAMS 0x00000006cc500000, 0x00000006cc500000|
| 182|0x00000006cc600000, 0x00000006cc600000, 0x00000006cc700000|  0%| F|  |TS  0|AC  0|TAMS 0x00000006cc600000, 0x00000006cc600000|
| 183|0x00000006cc700000, 0x00000006cc700000, 0x00000006cc800000|  0%| F|  |TS  0|AC  0|TAMS 0x00000006cc700000, 0x00000006cc700000|
| 184|0x00000006cc800000, 0x00000006cc800000, 0x00000006cc900000|  0%| F|  |TS  0|AC  0|TAMS 0x00000006cc800000, 0x00000006cc800000|
| 185|0x00000006cc900000, 0x00000006cc900000, 0x00000006cca00000|  0%| F|  |TS  0|AC  0|TAMS 0x00000006cc900000, 0x00000006cc900000|
| 186|0x00000006cca00000, 0x00000006cca00000, 0x00000006ccb00000|  0%| F|  |TS  0|AC  0|TAMS 0x00000006cca00000, 0x00000006cca00000|
| 187|0x00000006ccb00000, 0x00000006ccb00000, 0x00000006ccc00000|  0%| F|  |TS  0|AC  0|TAMS 0x00000006ccb00000, 0x00000006ccb00000|
| 188|0x00000006ccc00000, 0x00000006ccc00000, 0x00000006ccd00000|  0%| F|  |TS  0|AC  0|TAMS 0x00000006ccc00000, 0x00000006ccc00000|
| 189|0x00000006ccd00000, 0x00000006ccd00000, 0x00000006cce00000|  0%| F|  |TS  0|AC  0|TAMS 0x00000006ccd00000, 0x00000006ccd00000|
| 190|0x00000006cce00000, 0x00000006cce00000, 0x00000006ccf00000|  0%| F|  |TS  0|AC  0|TAMS 0x00000006cce00000, 0x00000006cce00000|
| 191|0x00000006ccf00000, 0x00000006ccf00000, 0x00000006cd000000|  0%| F|  |TS  0|AC  0|TAMS 0x00000006ccf00000, 0x00000006ccf00000|
| 192|0x00000006cd000000, 0x00000006cd000000, 0x00000006cd100000|  0%| F|  |TS  0|AC  0|TAMS 0x00000006cd000000, 0x00000006cd000000|
| 193|0x00000006cd100000, 0x00000006cd100000, 0x00000006cd200000|  0%| F|  |TS  0|AC  0|TAMS 0x00000006cd100000, 0x00000006cd100000|
| 194|0x00000006cd200000, 0x00000006cd200000, 0x00000006cd300000|  0%| F|  |TS  0|AC  0|TAMS 0x00000006cd200000, 0x00000006cd200000|
| 195|0x00000006cd300000, 0x00000006cd300000, 0x00000006cd400000|  0%| F|  |TS  0|AC  0|TAMS 0x00000006cd300000, 0x00000006cd300000|
| 196|0x00000006cd400000, 0x00000006cd400000, 0x00000006cd500000|  0%| F|  |TS  0|AC  0|TAMS 0x00000006cd400000, 0x00000006cd400000|
| 197|0x00000006cd500000, 0x00000006cd500000, 0x00000006cd600000|  0%| F|  |TS  0|AC  0|TAMS 0x00000006cd500000, 0x00000006cd500000|
| 198|0x00000006cd600000, 0x00000006cd600000, 0x00000006cd700000|  0%| F|  |TS  0|AC  0|TAMS 0x00000006cd600000, 0x00000006cd600000|
| 199|0x00000006cd700000, 0x00000006cd700000, 0x00000006cd800000|  0%| F|  |TS  0|AC  0|TAMS 0x00000006cd700000, 0x00000006cd700000|
| 200|0x00000006cd800000, 0x00000006cd800000, 0x00000006cd900000|  0%| F|  |TS  0|AC  0|TAMS 0x00000006cd800000, 0x00000006cd800000|
| 201|0x00000006cd900000, 0x00000006cd900000, 0x00000006cda00000|  0%| F|  |TS  0|AC  0|TAMS 0x00000006cd900000, 0x00000006cd900000|
| 202|0x00000006cda00000, 0x00000006cda00000, 0x00000006cdb00000|  0%| F|  |TS  0|AC  0|TAMS 0x00000006cda00000, 0x00000006cda00000|
| 203|0x00000006cdb00000, 0x00000006cdb00000, 0x00000006cdc00000|  0%| F|  |TS  0|AC  0|TAMS 0x00000006cdb00000, 0x00000006cdb00000|
| 204|0x00000006cdc00000, 0x00000006cdc00000, 0x00000006cdd00000|  0%| F|  |TS  0|AC  0|TAMS 0x00000006cdc00000, 0x00000006cdc00000|
| 205|0x00000006cdd00000, 0x00000006cdd00000, 0x00000006cde00000|  0%| F|  |TS  0|AC  0|TAMS 0x00000006cdd00000, 0x00000006cdd00000|
| 206|0x00000006cde00000, 0x00000006cde00000, 0x00000006cdf00000|  0%| F|  |TS  0|AC  0|TAMS 0x00000006cde00000, 0x00000006cde00000|
| 207|0x00000006cdf00000, 0x00000006cdf00000, 0x00000006ce000000|  0%| F|  |TS  0|AC  0|TAMS 0x00000006cdf00000, 0x00000006cdf00000|
| 208|0x00000006ce000000, 0x00000006ce000000, 0x00000006ce100000|  0%| F|  |TS  0|AC  0|TAMS 0x00000006ce000000, 0x00000006ce000000|
| 209|0x00000006ce100000, 0x00000006ce100000, 0x00000006ce200000|  0%| F|  |TS  0|AC  0|TAMS 0x00000006ce100000, 0x00000006ce100000|
| 210|0x00000006ce200000, 0x00000006ce200000, 0x00000006ce300000|  0%| F|  |TS  0|AC  0|TAMS 0x00000006ce200000, 0x00000006ce200000|
| 211|0x00000006ce300000, 0x00000006ce300000, 0x00000006ce400000|  0%| F|  |TS  0|AC  0|TAMS 0x00000006ce300000, 0x00000006ce300000|
| 212|0x00000006ce400000, 0x00000006ce400000, 0x00000006ce500000|  0%| F|  |TS  0|AC  0|TAMS 0x00000006ce400000, 0x00000006ce400000|
| 213|0x00000006ce500000, 0x00000006ce500000, 0x00000006ce600000|  0%| F|  |TS  0|AC  0|TAMS 0x00000006ce500000, 0x00000006ce500000|
| 214|0x00000006ce600000, 0x00000006ce600000, 0x00000006ce700000|  0%| F|  |TS  0|AC  0|TAMS 0x00000006ce600000, 0x00000006ce600000|
| 215|0x00000006ce700000, 0x00000006ce700000, 0x00000006ce800000|  0%| F|  |TS  0|AC  0|TAMS 0x00000006ce700000, 0x00000006ce700000|
| 216|0x00000006ce800000, 0x00000006ce800000, 0x00000006ce900000|  0%| F|  |TS  0|AC  0|TAMS 0x00000006ce800000, 0x00000006ce800000|
| 217|0x00000006ce900000, 0x00000006ce900000, 0x00000006cea00000|  0%| F|  |TS  0|AC  0|TAMS 0x00000006ce900000, 0x00000006ce900000|
| 218|0x00000006cea00000, 0x00000006cea00000, 0x00000006ceb00000|  0%| F|  |TS  0|AC  0|TAMS 0x00000006cea00000, 0x00000006cea00000|
| 219|0x00000006ceb00000, 0x00000006ceb00000, 0x00000006cec00000|  0%| F|  |TS  0|AC  0|TAMS 0x00000006ceb00000, 0x00000006ceb00000|
| 220|0x00000006cec00000, 0x00000006cec00000, 0x00000006ced00000|  0%| F|  |TS  0|AC  0|TAMS 0x00000006cec00000, 0x00000006cec00000|
| 221|0x00000006ced00000, 0x00000006ced00000, 0x00000006cee00000|  0%| F|  |TS  0|AC  0|TAMS 0x00000006ced00000, 0x00000006ced00000|
| 222|0x00000006cee00000, 0x00000006cee00000, 0x00000006cef00000|  0%| F|  |TS  0|AC  0|TAMS 0x00000006cee00000, 0x00000006cee00000|
| 223|0x00000006cef00000, 0x00000006cef00000, 0x00000006cf000000|  0%| F|  |TS  0|AC  0|TAMS 0x00000006cef00000, 0x00000006cef00000|
| 224|0x00000006cf000000, 0x00000006cf000000, 0x00000006cf100000|  0%| F|  |TS  0|AC  0|TAMS 0x00000006cf000000, 0x00000006cf000000|
| 225|0x00000006cf100000, 0x00000006cf100000, 0x00000006cf200000|  0%| F|  |TS  0|AC  0|TAMS 0x00000006cf100000, 0x00000006cf100000|
| 226|0x00000006cf200000, 0x00000006cf200000, 0x00000006cf300000|  0%| F|  |TS  0|AC  0|TAMS 0x00000006cf200000, 0x00000006cf200000|
| 227|0x00000006cf300000, 0x00000006cf300000, 0x00000006cf400000|  0%| F|  |TS  0|AC  0|TAMS 0x00000006cf300000, 0x00000006cf300000|
| 228|0x00000006cf400000, 0x00000006cf400000, 0x00000006cf500000|  0%| F|  |TS  0|AC  0|TAMS 0x00000006cf400000, 0x00000006cf400000|
| 229|0x00000006cf500000, 0x00000006cf5d09e0, 0x00000006cf600000| 81%| S|CS|TS  1|AC  0|TAMS 0x00000006cf500000, 0x00000006cf500000|
| 230|0x00000006cf600000, 0x00000006cf700000, 0x00000006cf700000|100%| S|CS|TS  1|AC  0|TAMS 0x00000006cf600000, 0x00000006cf600000|
| 231|0x00000006cf700000, 0x00000006cf800000, 0x00000006cf800000|100%| S|CS|TS  1|AC  0|TAMS 0x00000006cf700000, 0x00000006cf700000|
| 232|0x00000006cf800000, 0x00000006cf800000, 0x00000006cf900000|  0%| F|  |TS  1|AC  0|TAMS 0x00000006cf800000, 0x00000006cf800000|
| 233|0x00000006cf900000, 0x00000006cf900000, 0x00000006cfa00000|  0%| F|  |TS  1|AC  0|TAMS 0x00000006cf900000, 0x00000006cf900000|
| 234|0x00000006cfa00000, 0x00000006cfa00000, 0x00000006cfb00000|  0%| F|  |TS  1|AC  0|TAMS 0x00000006cfa00000, 0x00000006cfa00000|
| 235|0x00000006cfb00000, 0x00000006cfb00000, 0x00000006cfc00000|  0%| F|  |TS  1|AC  0|TAMS 0x00000006cfb00000, 0x00000006cfb00000|
| 236|0x00000006cfc00000, 0x00000006cfc80800, 0x00000006cfd00000| 50%| E|  |TS  1|AC  0|TAMS 0x00000006cfc00000, 0x00000006cfc00000|
| 237|0x00000006cfd00000, 0x00000006cfe00000, 0x00000006cfe00000|100%| E|CS|TS  1|AC  0|TAMS 0x00000006cfd00000, 0x00000006cfd00000|
| 238|0x00000006cfe00000, 0x00000006cff00000, 0x00000006cff00000|100%| E|CS|TS  1|AC  0|TAMS 0x00000006cfe00000, 0x00000006cfe00000|
| 239|0x00000006cff00000, 0x00000006d0000000, 0x00000006d0000000|100%| E|CS|TS  1|AC  0|TAMS 0x00000006cff00000, 0x00000006cff00000|
| 240|0x00000006d0000000, 0x00000006d0100000, 0x00000006d0100000|100%| E|CS|TS  1|AC  0|TAMS 0x00000006d0000000, 0x00000006d0000000|
| 241|0x00000006d0100000, 0x00000006d0200000, 0x00000006d0200000|100%| E|CS|TS  1|AC  0|TAMS 0x00000006d0100000, 0x00000006d0100000|
| 242|0x00000006d0200000, 0x00000006d0300000, 0x00000006d0300000|100%| E|CS|TS  1|AC  0|TAMS 0x00000006d0200000, 0x00000006d0200000|
| 243|0x00000006d0300000, 0x00000006d0400000, 0x00000006d0400000|100%| E|CS|TS  1|AC  0|TAMS 0x00000006d0300000, 0x00000006d0300000|
| 244|0x00000006d0400000, 0x00000006d0500000, 0x00000006d0500000|100%| E|CS|TS  1|AC  0|TAMS 0x00000006d0400000, 0x00000006d0400000|
| 245|0x00000006d0500000, 0x00000006d0600000, 0x00000006d0600000|100%| E|CS|TS  1|AC  0|TAMS 0x00000006d0500000, 0x00000006d0500000|
| 246|0x00000006d0600000, 0x00000006d0700000, 0x00000006d0700000|100%| E|CS|TS  1|AC  0|TAMS 0x00000006d0600000, 0x00000006d0600000|
| 247|0x00000006d0700000, 0x00000006d0800000, 0x00000006d0800000|100%| E|CS|TS  1|AC  0|TAMS 0x00000006d0700000, 0x00000006d0700000|
| 248|0x00000006d0800000, 0x00000006d0900000, 0x00000006d0900000|100%| E|CS|TS  1|AC  0|TAMS 0x00000006d0800000, 0x00000006d0800000|
| 249|0x00000006d0900000, 0x00000006d0a00000, 0x00000006d0a00000|100%| E|CS|TS  1|AC  0|TAMS 0x00000006d0900000, 0x00000006d0900000|
| 250|0x00000006d0a00000, 0x00000006d0b00000, 0x00000006d0b00000|100%| E|CS|TS  1|AC  0|TAMS 0x00000006d0a00000, 0x00000006d0a00000|
| 251|0x00000006d0b00000, 0x00000006d0c00000, 0x00000006d0c00000|100%| E|CS|TS  1|AC  0|TAMS 0x00000006d0b00000, 0x00000006d0b00000|
| 252|0x00000006d0c00000, 0x00000006d0d00000, 0x00000006d0d00000|100%| E|CS|TS  1|AC  0|TAMS 0x00000006d0c00000, 0x00000006d0c00000|
| 253|0x00000006d0d00000, 0x00000006d0e00000, 0x00000006d0e00000|100%| E|CS|TS  1|AC  0|TAMS 0x00000006d0d00000, 0x00000006d0d00000|
| 254|0x00000006d0e00000, 0x00000006d0f00000, 0x00000006d0f00000|100%| E|CS|TS  1|AC  0|TAMS 0x00000006d0e00000, 0x00000006d0e00000|
| 255|0x00000006d0f00000, 0x00000006d1000000, 0x00000006d1000000|100%| E|CS|TS  1|AC  0|TAMS 0x00000006d0f00000, 0x00000006d0f00000|

Card table byte_map: [0x0000024a30de0000,0x0000024a315e0000] byte_map_base: 0x0000024a2d7d8000

Marking Bits (Prev, Next): (CMBitMap*) 0x0000024a39de88f0, (CMBitMap*) 0x0000024a39de8928
 Prev Bits: [0x0000024a31de0000, 0x0000024a35da0000)
 Next Bits: [0x0000024a35da0000, 0x0000024a39d60000)

Polling page: 0x0000024a15d10000

CodeHeap 'non-profiled nmethods': size=120000Kb used=572Kb max_used=572Kb free=119427Kb
 bounds [0x0000024a28d70000, 0x0000024a28fe0000, 0x0000024a302a0000]
CodeHeap 'profiled nmethods': size=120000Kb used=3309Kb max_used=3309Kb free=116690Kb
 bounds [0x0000024a21840000, 0x0000024a21b80000, 0x0000024a28d70000]
CodeHeap 'non-nmethods': size=5760Kb used=1167Kb max_used=1208Kb free=4592Kb
 bounds [0x0000024a212a0000, 0x0000024a21510000, 0x0000024a21840000]
 total_blobs=2276 nmethods=1538 adapters=311
 compilation: enabled

Compilation events (10 events):
Event: 0.743 Thread 0x0000024a3d243800 nmethod 1532 0x0000024a21b77610 code [0x0000024a21b77840, 0x0000024a21b77df0]
Event: 0.743 Thread 0x0000024a3d243800 1530       3       java.lang.invoke.BoundMethodHandle::<init> (32 bytes)
Event: 0.743 Thread 0x0000024a3d243800 nmethod 1530 0x0000024a21b78110 code [0x0000024a21b782c0, 0x0000024a21b78490]
Event: 0.744 Thread 0x0000024a3d21a000 nmethod 1535 0x0000024a28dfda10 code [0x0000024a28dfdba0, 0x0000024a28dfdc78]
Event: 0.744 Thread 0x0000024a3d243800 1536   !   3       java.lang.invoke.MethodHandleNatives::linkMethodHandleConstant (154 bytes)
Event: 0.745 Thread 0x0000024a3d243800 nmethod 1536 0x0000024a21b78510 code [0x0000024a21b78800, 0x0000024a21b795f0]
Event: 0.745 Thread 0x0000024a3d222800 1538       4       jdk.internal.org.objectweb.asm.Item::isEqualTo (354 bytes)
Event: 0.745 Thread 0x0000024a3d243800 1537       3       java.lang.invoke.MethodHandles$Lookup::linkMethodHandleConstant (185 bytes)
Event: 0.745 Thread 0x0000024a3d243800 nmethod 1537 0x0000024a21b79c90 code [0x0000024a21b79fa0, 0x0000024a21b7b100]
Event: 0.750 Thread 0x0000024a3d222800 nmethod 1538 0x0000024a28dfdd90 code [0x0000024a28dfe100, 0x0000024a28dfee00]

GC Heap History (2 events):
Event: 0.554 GC heap before
{Heap before GC invocations=0 (full 0):
 garbage-first heap   total 262144K, used 24576K [0x00000006c1000000, 0x00000007c0000000)
  region size 1024K, 24 young (24576K), 0 survivors (0K)
 Metaspace       used 11684K, capacity 11964K, committed 12160K, reserved 1060864K
  class space    used 1026K, capacity 1100K, committed 1152K, reserved 1048576K
}
Event: 0.557 GC heap after
{Heap after GC invocations=1 (full 0):
 garbage-first heap   total 262144K, used 2882K [0x00000006c1000000, 0x00000007c0000000)
  region size 1024K, 3 young (3072K), 3 survivors (3072K)
 Metaspace       used 11684K, capacity 11964K, committed 12160K, reserved 1060864K
  class space    used 1026K, capacity 1100K, committed 1152K, reserved 1048576K
}

Deoptimization events (10 events):
Event: 0.468 Thread 0x0000024a17e53000 Uncommon trap: reason=bimorphic_or_optimized_type_check action=maybe_recompile pc=0x0000024a28da3b98 method=java.util.HashMap.putVal(ILjava/lang/Object;Ljava/lang/Object;ZZ)Ljava/lang/Object; @ 56 c2
Event: 0.493 Thread 0x0000024a17e53000 Uncommon trap: reason=unstable_if action=reinterpret pc=0x0000024a28daf120 method=org.eclipse.jdt.launching.internal.org.objectweb.asm.ClassReader.readUtf(II[C)Ljava/lang/String; @ 41 c2
Event: 0.493 Thread 0x0000024a17e53000 Uncommon trap: reason=unstable_if action=reinterpret pc=0x0000024a28d9ec1c method=org.eclipse.jdt.launching.internal.org.objectweb.asm.ClassReader.readUtf(II[C)Ljava/lang/String; @ 41 c2
Event: 0.493 Thread 0x0000024a17e53000 Uncommon trap: reason=unstable_if action=reinterpret pc=0x0000024a28d94724 method=java.lang.String.hashCode()I @ 22 c2
Event: 0.564 Thread 0x0000024a17e53000 Uncommon trap: reason=unstable_if action=reinterpret pc=0x0000024a28da3c1c method=java.util.HashMap.putVal(ILjava/lang/Object;Ljava/lang/Object;ZZ)Ljava/lang/Object; @ 181 c2
Event: 0.579 Thread 0x0000024a17e53000 Uncommon trap: reason=unstable_if action=reinterpret pc=0x0000024a28dc7e38 method=java.util.HashMap.getNode(ILjava/lang/Object;)Ljava/util/HashMap$Node; @ 62 c2
Event: 0.579 Thread 0x0000024a17e53000 Uncommon trap: reason=unstable_if action=reinterpret pc=0x0000024a28dad9b8 method=java.util.HashMap.getNode(ILjava/lang/Object;)Ljava/util/HashMap$Node; @ 62 c2
Event: 0.582 Thread 0x0000024a17e53000 Uncommon trap: reason=unstable_if action=reinterpret pc=0x0000024a28dcd4bc method=java.lang.ref.SoftReference.get()Ljava/lang/Object; @ 17 c2
Event: 0.590 Thread 0x0000024a17e53000 Uncommon trap: reason=unstable_if action=reinterpret pc=0x0000024a28dc6a48 method=org.eclipse.jdt.launching.internal.org.objectweb.asm.ByteVector.putShort(I)Lorg/eclipse/jdt/launching/internal/org/objectweb/asm/ByteVector; @ 13 c2
Event: 0.742 Thread 0x0000024a17e53000 Uncommon trap: reason=unstable_if action=reinterpret pc=0x0000024a28d84b60 method=java.lang.CharacterData.of(I)Ljava/lang/CharacterData; @ 4 c2

Classes redefined (2 events):
Event: 11.846 Thread 0x0000024a3d1ab800 redefined class name=de.hska.iwi.ads.solution.search.BinarySearch, count=1
Event: 281.555 Thread 0x0000024a3d1ab800 redefined class name=de.hska.iwi.ads.solution.search.BinarySearch, count=2

Internal exceptions (10 events):
Event: 0.682 Thread 0x0000024a17e53000 Exception <a 'java/lang/NoSuchMethodError'{0x00000006d0396158}: java.lang.Object.lambda$comparing$ea9a8b3a$1(Ljava/util/Comparator;Ljava/util/function/Function;Ljava/lang/Object;Ljava/lang/Object;)I> (0x00000006d0396158) thrown at [t:/workspace/src/hotspo
Event: 0.685 Thread 0x0000024a17e53000 Exception <a 'java/lang/NoSuchMethodError'{0x00000006d03d0558}: java.lang.invoke.DirectMethodHandle$Holder.invokeSpecial(Ljava/lang/Object;Ljava/lang/Object;Ljava/lang/Object;Ljava/lang/Object;)V> (0x00000006d03d0558) thrown at [t:/workspace/src/hotspot/s
Event: 0.693 Thread 0x0000024a17e53000 Exception <a 'java/lang/NoSuchMethodError'{0x00000006d0127d68}: java.lang.invoke.DirectMethodHandle$Holder.invokeSpecial(Ljava/lang/Object;Ljava/lang/Object;)V> (0x00000006d0127d68) thrown at [t:/workspace/src/hotspot/share/interpreter/linkResolver.cpp, l
Event: 0.706 Thread 0x0000024a17e53000 Exception <a 'java/lang/NoSuchMethodError'{0x00000006d00f2f00}: java.lang.invoke.DirectMethodHandle$Holder.invokeStaticInit(Ljava/lang/Object;Ljava/lang/Object;Ljava/lang/Object;)I> (0x00000006d00f2f00) thrown at [t:/workspace/src/hotspot/share/interprete
Event: 0.710 Thread 0x0000024a17e53000 Exception <a 'java/lang/NoSuchMethodError'{0x00000006cff1b0e0}: java.lang.Object.lambda$and$0(Ljava/util/function/Predicate;Ljava/lang/Object;)Z> (0x00000006cff1b0e0) thrown at [t:/workspace/src/hotspot/share/interpreter/linkResolver.cpp, line 741]
Event: 0.728 Thread 0x0000024a17e53000 Exception <a 'java/lang/NoSuchMethodError'{0x00000006cfe6b290}: java.lang.invoke.DirectMethodHandle$Holder.invokeStatic(Ljava/lang/Object;Ljava/lang/Object;Ljava/lang/Object;Ljava/lang/Object;Ljava/lang/Object;)V> (0x00000006cfe6b290) thrown at [t:/worksp
Event: 0.729 Thread 0x0000024a17e53000 Exception <a 'java/lang/NoSuchMethodError'{0x00000006cfe84380}: java.lang.invoke.DirectMethodHandle$Holder.invokeInterface(Ljava/lang/Object;Ljava/lang/Object;Ljava/lang/Object;Ljava/lang/Object;Ljava/lang/Object;)Ljava/lang/Object;> (0x00000006cfe84380) 
Event: 0.730 Thread 0x0000024a17e53000 Exception <a 'java/lang/IncompatibleClassChangeError'{0x00000006cfe87dc8}: Found class java.lang.Object, but interface was expected> (0x00000006cfe87dc8) thrown at [t:/workspace/src/hotspot/share/interpreter/linkResolver.cpp, line 807]
Event: 0.732 Thread 0x0000024a17e53000 Exception <a 'java/lang/NoSuchMethodError'{0x00000006cfed4bb8}: method resolution failed> (0x00000006cfed4bb8) thrown at [t:/workspace/src/hotspot/share/prims/methodHandles.cpp, line 1226]
Event: 0.744 Thread 0x0000024a17e53000 Exception <a 'java/lang/NoSuchMethodError'{0x00000006cfd98c40}: java.lang.Object.lambda$union$1(Ljava/util/regex/Pattern$CharPredicate;I)Z> (0x00000006cfd98c40) thrown at [t:/workspace/src/hotspot/share/interpreter/linkResolver.cpp, line 741]

Events (10 events):
Event: 281.600 Executing VM operation: GetFrameLocation done
Event: 281.687 Executing VM operation: GetFrameCount
Event: 281.687 Executing VM operation: GetFrameCount done
Event: 281.687 Executing VM operation: GetOwnedMonitorInfo
Event: 281.687 Executing VM operation: GetOwnedMonitorInfo done
Event: 281.687 Executing VM operation: GetCurrentContendedMonitor
Event: 281.687 Executing VM operation: GetCurrentContendedMonitor done
Event: 281.718 Executing VM operation: GetFrameLocation
Event: 281.718 Executing VM operation: GetFrameLocation done
Event: 281.718 Executing VM operation: GetOrSetLocal


Dynamic libraries:
0x00007ff619840000 - 0x00007ff61987d000 	C:\Program Files\Java\jdk-10.0.2\bin\javaw.exe
0x00007ffe24e10000 - 0x00007ffe25006000 	C:\WINDOWS\SYSTEM32\ntdll.dll
0x00007ffe23240000 - 0x00007ffe232fd000 	C:\WINDOWS\System32\KERNEL32.DLL
0x00007ffe22890000 - 0x00007ffe22b59000 	C:\WINDOWS\System32\KERNELBASE.dll
0x00007ffe1fb60000 - 0x00007ffe1fbf0000 	C:\WINDOWS\SYSTEM32\apphelp.dll
0x00007ffe23910000 - 0x00007ffe23ab0000 	C:\WINDOWS\System32\USER32.dll
0x00007ffe226d0000 - 0x00007ffe226f2000 	C:\WINDOWS\System32\win32u.dll
0x00007ffe24570000 - 0x00007ffe2459a000 	C:\WINDOWS\System32\GDI32.dll
0x00007ffe22cc0000 - 0x00007ffe22dcb000 	C:\WINDOWS\System32\gdi32full.dll
0x00007ffe22dd0000 - 0x00007ffe22e6d000 	C:\WINDOWS\System32\msvcp_win.dll
0x00007ffe22700000 - 0x00007ffe22800000 	C:\WINDOWS\System32\ucrtbase.dll
0x00007ffe02cf0000 - 0x00007ffe02f8b000 	C:\WINDOWS\WinSxS\amd64_microsoft.windows.common-controls_6595b64144ccf1df_6.0.19041.746_none_ca02b4b61b8320a4\COMCTL32.dll
0x00007ffe22fa0000 - 0x00007ffe2303e000 	C:\WINDOWS\System32\msvcrt.dll
0x00007ffe23140000 - 0x00007ffe23170000 	C:\WINDOWS\System32\IMM32.DLL
0x00007ffdee0a0000 - 0x00007ffdee18f000 	C:\Program Files\Java\jdk-10.0.2\bin\msvcr120.dll
0x00007ffdf2e50000 - 0x00007ffdf2ef6000 	C:\Program Files\Java\jdk-10.0.2\bin\msvcp120.dll
0x0000000064580000 - 0x0000000064f6d000 	C:\Program Files\Java\jdk-10.0.2\bin\server\jvm.dll
0x00007ffe22ef0000 - 0x00007ffe22f9c000 	C:\WINDOWS\System32\ADVAPI32.dll
0x00007ffe23040000 - 0x00007ffe230dc000 	C:\WINDOWS\System32\sechost.dll
0x00007ffe237e0000 - 0x00007ffe2390b000 	C:\WINDOWS\System32\RPCRT4.dll
0x00007ffe24d50000 - 0x00007ffe24d58000 	C:\WINDOWS\System32\PSAPI.DLL
0x00007ffe0be70000 - 0x00007ffe0be97000 	C:\WINDOWS\SYSTEM32\WINMM.dll
0x00007ffe123f0000 - 0x00007ffe123f9000 	C:\WINDOWS\SYSTEM32\WSOCK32.dll
0x00007ffe1c4e0000 - 0x00007ffe1c4ea000 	C:\WINDOWS\SYSTEM32\VERSION.dll
0x00007ffe24d60000 - 0x00007ffe24dcb000 	C:\WINDOWS\System32\WS2_32.dll
0x00007ffe1fb50000 - 0x00007ffe1fb5f000 	C:\Program Files\Java\jdk-10.0.2\bin\verify.dll
0x00007ffe20c30000 - 0x00007ffe20e14000 	C:\WINDOWS\SYSTEM32\DBGHELP.DLL
0x00007ffe00920000 - 0x00007ffe0094c000 	C:\WINDOWS\SYSTEM32\dbgcore.DLL
0x00007ffe225a0000 - 0x00007ffe22620000 	C:\WINDOWS\System32\bcryptPrimitives.dll
0x00007ffe1a900000 - 0x00007ffe1a927000 	C:\Program Files\Java\jdk-10.0.2\bin\java.dll
0x00007ffdf4e50000 - 0x00007ffdf4e86000 	C:\Program Files\Java\jdk-10.0.2\bin\jdwp.dll
0x00007ffe13080000 - 0x00007ffe130aa000 	C:\Program Files\Java\jdk-10.0.2\bin\instrument.dll
0x00007ffe1b690000 - 0x00007ffe1b6a6000 	C:\Program Files\Java\jdk-10.0.2\bin\zip.dll
0x00007ffe1f450000 - 0x00007ffe1f45a000 	C:\Program Files\Java\jdk-10.0.2\bin\jimage.dll
0x00007ffe23ab0000 - 0x00007ffe241f2000 	C:\WINDOWS\System32\SHELL32.dll
0x00007ffe203d0000 - 0x00007ffe20b60000 	C:\WINDOWS\SYSTEM32\windows.storage.dll
0x00007ffe233b0000 - 0x00007ffe23706000 	C:\WINDOWS\System32\combase.dll
0x00007ffe21fb0000 - 0x00007ffe21fdc000 	C:\WINDOWS\SYSTEM32\Wldp.dll
0x00007ffe243a0000 - 0x00007ffe2444e000 	C:\WINDOWS\System32\SHCORE.dll
0x00007ffe230e0000 - 0x00007ffe23135000 	C:\WINDOWS\System32\shlwapi.dll
0x00007ffe22480000 - 0x00007ffe224a6000 	C:\WINDOWS\SYSTEM32\profapi.dll
0x00007ffe1f420000 - 0x00007ffe1f42a000 	C:\Program Files\Java\jdk-10.0.2\bin\dt_socket.dll
0x00007ffe21d30000 - 0x00007ffe21d9a000 	C:\WINDOWS\System32\mswsock.dll
0x00007ffe21a20000 - 0x00007ffe21aeb000 	C:\WINDOWS\SYSTEM32\DNSAPI.dll
0x00007ffe219d0000 - 0x00007ffe21a0b000 	C:\WINDOWS\SYSTEM32\IPHLPAPI.DLL
0x00007ffe24200000 - 0x00007ffe24208000 	C:\WINDOWS\System32\NSI.dll
0x00007ffe0ba40000 - 0x00007ffe0babf000 	C:\WINDOWS\System32\fwpuclnt.dll
0x00007ffe22860000 - 0x00007ffe22887000 	C:\WINDOWS\System32\bcrypt.dll
0x00007ffe0bb90000 - 0x00007ffe0bb9a000 	C:\Windows\System32\rasadhlp.dll
0x00007ffe15550000 - 0x00007ffe1556a000 	C:\Program Files\Java\jdk-10.0.2\bin\net.dll
0x00007ffe10e20000 - 0x00007ffe10f20000 	C:\WINDOWS\SYSTEM32\WINHTTP.dll
0x00007ffe132c0000 - 0x00007ffe132d1000 	C:\Program Files\Java\jdk-10.0.2\bin\nio.dll

dbghelp: loaded successfully - version: 4.0.5 - missing functions: none
symbol engine: initialized successfully - sym options: 0x614 - pdb path: .;C:\Program Files\Java\jdk-10.0.2\bin;C:\WINDOWS\SYSTEM32;C:\WINDOWS\WinSxS\amd64_microsoft.windows.common-controls_6595b64144ccf1df_6.0.19041.746_none_ca02b4b61b8320a4;C:\Program Files\Java\jdk-10.0.2\bin\server

VM Arguments:
jvm_args: -agentlib:jdwp=transport=dt_socket,suspend=y,address=localhost:51537 -ea -javaagent:C:\Users\Joshua\java-2020-12\eclipse\configuration\org.eclipse.osgi\220\0\.cp\lib\javaagent-shaded.jar -Dfile.encoding=Cp1252 
java_command: org.eclipse.jdt.internal.junit.runner.RemoteTestRunner -version 3 -port 51536 -testLoaderClass org.eclipse.jdt.internal.junit5.runner.JUnit5TestLoader -loaderpluginname org.eclipse.jdt.junit5.runtime -test de.hska.iwi.ads.solution.search.BinarySearchTest:testBinarySearchMissingKeyInsideBorders -uniqueId [engine:junit-jupiter]/[class:de.hska.iwi.ads.solution.search.BinarySearchTest]/[method:testBinarySearchMissingKeyInsideBorders()]
java_class_path (initial): C:\Users\Joshua\eclipse-workspace\labor_loesung\bin;C:\Users\Joshua\eclipse-workspace\labor\bin;C:\Users\Joshua\.p2\pool\plugins\org.junit.jupiter.api_5.7.0.v20201026-1537.jar;C:\Users\Joshua\.p2\pool\plugins\org.junit.jupiter.engine_5.7.0.v20201026-1537.jar;C:\Users\Joshua\.p2\pool\plugins\org.junit.jupiter.migrationsupport_5.7.0.v20201026-1537.jar;C:\Users\Joshua\.p2\pool\plugins\org.junit.jupiter.params_5.7.0.v20201026-1537.jar;C:\Users\Joshua\.p2\pool\plugins\org.junit.platform.commons_1.7.0.v20201026-1537.jar;C:\Users\Joshua\.p2\pool\plugins\org.junit.platform.engine_1.7.0.v20201026-1537.jar;C:\Users\Joshua\.p2\pool\plugins\org.junit.platform.launcher_1.7.0.v20201026-1537.jar;C:\Users\Joshua\.p2\pool\plugins\org.junit.platform.runner_1.7.0.v20201026-1537.jar;C:\Users\Joshua\.p2\pool\plugins\org.junit.platform.suite.api_1.7.0.v20201026-1537.jar;C:\Users\Joshua\.p2\pool\plugins\org.junit.vintage.engine_5.7.0.v20201026-1537.jar;C:\Users\Joshua\.p2\pool\plugins\org.opentest4j_1.2.0.v20190826-0900.jar;C:\Users\Joshua\.p2\pool\plugins\org.apiguardian_1.1.0.v20190826-0900.jar;C:\Users\Joshua\.p2\pool\plugins\org.junit_4.13.0.v20200204-1500.jar;C:\Users\Joshua\.p2\pool\plugins\org.hamcrest.core_1.3.0.v20180420-1519.jar;C:\Users\Joshua\java-2020-12\eclipse\configuration\org.eclipse.osgi\219\0\.cp;C:\Users\Joshua\java-2020-12\eclipse\configuration\org.eclipse.osgi\217\0\.cp
Launcher Type: SUN_STANDARD

Logging:
Log output configuration:
#0: stdout all=warning uptime,level,tags
#1: stderr all=off uptime,level,tags

Environment Variables:
PATH=C:/Users/Joshua/.p2/pool/plugins/org.eclipse.justj.openjdk.hotspot.jre.full.win32.x86_64_15.0.2.v20210201-0955/jre/bin/server;C:/Users/Joshua/.p2/pool/plugins/org.eclipse.justj.openjdk.hotspot.jre.full.win32.x86_64_15.0.2.v20210201-0955/jre/bin;C:\Program Files (x86)\Common Files\Oracle\Java\javapath;C:\ProgramData\Oracle\Java\javapath;C:\Program Files (x86)\Intel\iCLS Client\;C:\Program Files\Intel\iCLS Client\;C:\Windows\system32;C:\Windows;C:\Windows\System32\Wbem;C:\Windows\System32\WindowsPowerShell\v1.0\;C:\Program Files (x86)\Intel\Intel(R) Management Engine Components\DAL;C:\Program Files\Intel\Intel(R) Management Engine Components\DAL;C:\Program Files (x86)\Intel\Intel(R) Management Engine Components\IPT;C:\Program Files\Intel\Intel(R) Management Engine Components\IPT;C:\Program Files (x86)\NVIDIA Corporation\PhysX\Common;C:\Program Files\MiKTeX 2.9\miktex\bin\x64\;C:\WINDOWS\system32;C:\WINDOWS;C:\WINDOWS\System32\Wbem;C:\WINDOWS\System32\WindowsPowerShell\v1.0\;C:\Program Files\Git\cmd;C:\WINDOWS\System32\OpenSSH\;C:\Program Files\nodejs\;C:\Program Files\Java\jdk1.8.0_131\bin;C:\Program Files (x86)\QuickTime\QTSystem\;C:\Users\Joshua\AppData\Local\Microsoft\WindowsApps;C:\Users\Joshua\AppData\Local\atom\bin;C:\Users\Joshua\AppData\Local\Microsoft\WindowsApps;C:\Users\Joshua\AppData\Local\Programs\Microsoft VS Code\bin;C:\Users\Joshua\AppData\Roaming\npm;;C:\WINDOWS\System32;
USERNAME=Joshua
OS=Windows_NT
PROCESSOR_IDENTIFIER=Intel64 Family 6 Model 158 Stepping 9, GenuineIntel



---------------  S Y S T E M  ---------------

OS: Windows 10 , 64 bit Build 19041 (10.0.19041.804)

CPU:total 8 (initial active 8) (4 cores per cpu, 2 threads per core) family 6 model 158 stepping 9, cmov, cx8, fxsr, mmx, sse, sse2, sse3, ssse3, sse4.1, sse4.2, popcnt, avx, avx2, aes, clmul, erms, rtm, 3dnowpref, lzcnt, ht, tsc, tscinvbit, bmi1, bmi2, adx, fma

Memory: 4k page, physical 16706076k(9020728k free), swap 27880136k(11740036k free)

vm_info: OpenJDK 64-Bit Server VM (10.0.2+13) for windows-amd64 JRE (10.0.2+13), built on Jun 28 2018 02:00:24 by "mach5one" with MS VC++ 12.0 (VS2013)

END.
